
  ============================================================================  

    ja-netfilter 2022.2.0

    A javaagent framework :)

    https://github.com/ja-netfilter/ja-netfilter

  ============================================================================  

2023-02-06 13:30:29,987 [    533] SEVERE - #c.i.d.LoadingState - Should be called at least in the state COMPONENTS_LOADED, the current state is: CONFIGURATION_STORE_INITIALIZED
Current violators count: 1


java.lang.Throwable
	at com.intellij.diagnostic.LoadingState.logStateError(LoadingState.java:52)
	at com.intellij.diagnostic.LoadingState.checkOccurred(LoadingState.java:48)
	at com.intellij.openapi.actionSystem.impl.ActionManagerImpl.<init>(ActionManagerImpl.java:133)
	at com.jetbrains.rdserver.ui.actionPopupMenu.BackendActionManager.<init>(BackendActionManager.kt:17)
	at java.base/jdk.internal.reflect.NativeConstructorAccessorImpl.newInstance0(Native Method)
	at java.base/jdk.internal.reflect.NativeConstructorAccessorImpl.newInstance(NativeConstructorAccessorImpl.java:77)
	at java.base/jdk.internal.reflect.DelegatingConstructorAccessorImpl.newInstance(DelegatingConstructorAccessorImpl.java:45)
	at java.base/java.lang.reflect.Constructor.newInstanceWithCaller(Constructor.java:499)
	at java.base/java.lang.reflect.Constructor.newInstance(Constructor.java:480)
	at com.intellij.serviceContainer.ConstructorInjectionKt.instantiateUsingPicoContainer(constructorInjection.kt:47)
	at com.intellij.serviceContainer.ComponentManagerImpl.instantiateClassWithConstructorInjection(ComponentManagerImpl.kt:890)
	at com.intellij.serviceContainer.ServiceComponentAdapter.createAndInitialize(ServiceComponentAdapter.kt:51)
	at com.intellij.serviceContainer.ServiceComponentAdapter.doCreateInstance(ServiceComponentAdapter.kt:41)
	at com.intellij.serviceContainer.BaseComponentAdapter.getInstanceUncached(BaseComponentAdapter.kt:119)
	at com.intellij.serviceContainer.BaseComponentAdapter.getInstance(BaseComponentAdapter.kt:73)
	at com.intellij.serviceContainer.BaseComponentAdapter.getInstance$default(BaseComponentAdapter.kt:66)
	at com.intellij.serviceContainer.ComponentManagerImpl.doGetService(ComponentManagerImpl.kt:609)
	at com.intellij.serviceContainer.ComponentManagerImpl.getService(ComponentManagerImpl.kt:583)
	at com.intellij.openapi.client.ClientAwareComponentManager.getFromSelfOrCurrentSession(ClientAwareComponentManager.kt:37)
	at com.intellij.openapi.client.ClientAwareComponentManager.getService(ClientAwareComponentManager.kt:22)
	at com.intellij.openapi.actionSystem.ActionManager.getInstance(ActionManager.java:29)
	at com.intellij.help.impl.KeymapGenerator.<clinit>(KeymapGenerator.java:33)
	at java.base/jdk.internal.misc.Unsafe.allocateInstance(Native Method)
	at java.base/java.lang.invoke.DirectMethodHandle.allocateInstance(DirectMethodHandle.java:520)
	at com.intellij.serviceContainer.ComponentManagerImpl.instantiateClass(ComponentManagerImpl.kt:844)
	at com.intellij.openapi.extensions.impl.XmlExtensionAdapter.instantiateClass(XmlExtensionAdapter.kt:79)
	at com.intellij.openapi.extensions.impl.XmlExtensionAdapter$SimpleConstructorInjectionAdapter.instantiateClass(XmlExtensionAdapter.kt:90)
	at com.intellij.openapi.extensions.impl.XmlExtensionAdapter.doCreateInstance(XmlExtensionAdapter.kt:50)
	at com.intellij.openapi.extensions.impl.XmlExtensionAdapter.createInstance(XmlExtensionAdapter.kt:31)
	at com.intellij.openapi.extensions.impl.ExtensionPointImpl.processAdapter(ExtensionPointImpl.java:447)
	at com.intellij.openapi.extensions.impl.ExtensionPointImpl.access$200(ExtensionPointImpl.java:33)
	at com.intellij.openapi.extensions.impl.ExtensionPointImpl$1.next(ExtensionPointImpl.java:355)
	at com.intellij.idea.ApplicationLoader.findAppStarter(ApplicationLoader.kt:595)
	at com.intellij.idea.ApplicationLoader.access$findAppStarter(ApplicationLoader.kt:1)
	at com.intellij.idea.ApplicationLoader$initApplication$block$3.apply(ApplicationLoader.kt:170)
	at com.intellij.idea.ApplicationLoader$initApplication$block$3.apply(ApplicationLoader.kt)
	at java.base/java.util.concurrent.CompletableFuture$UniCompose.tryFire(CompletableFuture.java:1150)
	at java.base/java.util.concurrent.CompletableFuture.postComplete(CompletableFuture.java:510)
	at java.base/java.util.concurrent.CompletableFuture.postFire(CompletableFuture.java:614)
	at java.base/java.util.concurrent.CompletableFuture$UniCompose.tryFire(CompletableFuture.java:1163)
	at java.base/java.util.concurrent.CompletableFuture$Completion.run(CompletableFuture.java:482)
	at com.intellij.idea.ApplicationLoader$initApplication$block$2.execute(ApplicationLoader.kt:142)
	at java.base/java.util.concurrent.CompletableFuture$UniCompletion.claim(CompletableFuture.java:572)
	at java.base/java.util.concurrent.CompletableFuture$UniCompose.tryFire(CompletableFuture.java:1147)
	at java.base/java.util.concurrent.CompletableFuture.postComplete(CompletableFuture.java:510)
	at java.base/java.util.concurrent.CompletableFuture.postFire(CompletableFuture.java:614)
	at java.base/java.util.concurrent.CompletableFuture$UniCompose.tryFire(CompletableFuture.java:1163)
	at java.base/java.util.concurrent.CompletableFuture$Completion.exec(CompletableFuture.java:483)
	at java.base/java.util.concurrent.ForkJoinTask.doExec(ForkJoinTask.java:373)
	at java.base/java.util.concurrent.ForkJoinPool$WorkQueue.topLevelExec(ForkJoinPool.java:1182)
	at java.base/java.util.concurrent.ForkJoinPool.scan(ForkJoinPool.java:1655)
	at java.base/java.util.concurrent.ForkJoinPool.runWorker(ForkJoinPool.java:1622)
	at java.base/java.util.concurrent.ForkJoinWorkerThread.run(ForkJoinWorkerThread.java:165)
2023-02-06 13:30:29,994 [    540] SEVERE - #c.i.d.LoadingState - IntelliJ IDEA 2022.2.4  Build #IU-222.4459.24
2023-02-06 13:30:29,995 [    541] SEVERE - #c.i.d.LoadingState - JDK: 17.0.5; VM: OpenJDK 64-Bit Server VM; Vendor: JetBrains s.r.o.
2023-02-06 13:30:29,996 [    542] SEVERE - #c.i.d.LoadingState - OS: Linux
2023-02-06 13:30:30,339 [    885] SEVERE - #c.i.d.LoadingState - Should be called at least in the state COMPONENTS_LOADED, the current state is: CONFIGURATION_STORE_INITIALIZED
Current violators count: 2


java.lang.Throwable
	at com.intellij.diagnostic.LoadingState.logStateError(LoadingState.java:52)
	at com.intellij.diagnostic.LoadingState.checkOccurred(LoadingState.java:48)
	at com.intellij.openapi.util.registry.Registry.getInstance(Registry.java:176)
	at com.intellij.openapi.util.registry.Registry.get(Registry.java:50)
	at com.intellij.openapi.util.registry.Registry.is(Registry.java:63)
	at com.intellij.execution.ExecutorRegistryImpl.isExecutorInMainGroup(ExecutorRegistryImpl.java:195)
	at com.intellij.execution.ExecutorRegistryImpl.initExecutorActions(ExecutorRegistryImpl.java:127)
	at com.intellij.execution.ExecutorRegistryImpl.init(ExecutorRegistryImpl.java:278)
	at com.intellij.execution.ExecutorRegistryImpl$ExecutorRegistryActionConfigurationTuner.customize(ExecutorRegistryImpl.java:92)
	at com.intellij.openapi.actionSystem.impl.ActionManagerImpl.lambda$new$0(ActionManagerImpl.java:141)
	at com.intellij.openapi.extensions.impl.ExtensionProcessingHelper.forEachExtensionSafe(ExtensionProcessingHelper.java:34)
	at com.intellij.openapi.extensions.ExtensionPointName.forEachExtensionSafe(ExtensionPointName.java:46)
	at com.intellij.openapi.actionSystem.impl.ActionManagerImpl.<init>(ActionManagerImpl.java:141)
	at com.jetbrains.rdserver.ui.actionPopupMenu.BackendActionManager.<init>(BackendActionManager.kt:17)
	at java.base/jdk.internal.reflect.NativeConstructorAccessorImpl.newInstance0(Native Method)
	at java.base/jdk.internal.reflect.NativeConstructorAccessorImpl.newInstance(NativeConstructorAccessorImpl.java:77)
	at java.base/jdk.internal.reflect.DelegatingConstructorAccessorImpl.newInstance(DelegatingConstructorAccessorImpl.java:45)
	at java.base/java.lang.reflect.Constructor.newInstanceWithCaller(Constructor.java:499)
	at java.base/java.lang.reflect.Constructor.newInstance(Constructor.java:480)
	at com.intellij.serviceContainer.ConstructorInjectionKt.instantiateUsingPicoContainer(constructorInjection.kt:47)
	at com.intellij.serviceContainer.ComponentManagerImpl.instantiateClassWithConstructorInjection(ComponentManagerImpl.kt:890)
	at com.intellij.serviceContainer.ServiceComponentAdapter.createAndInitialize(ServiceComponentAdapter.kt:51)
	at com.intellij.serviceContainer.ServiceComponentAdapter.doCreateInstance(ServiceComponentAdapter.kt:41)
	at com.intellij.serviceContainer.BaseComponentAdapter.getInstanceUncached(BaseComponentAdapter.kt:119)
	at com.intellij.serviceContainer.BaseComponentAdapter.getInstance(BaseComponentAdapter.kt:73)
	at com.intellij.serviceContainer.BaseComponentAdapter.getInstance$default(BaseComponentAdapter.kt:66)
	at com.intellij.serviceContainer.ComponentManagerImpl.doGetService(ComponentManagerImpl.kt:609)
	at com.intellij.serviceContainer.ComponentManagerImpl.getService(ComponentManagerImpl.kt:583)
	at com.intellij.openapi.client.ClientAwareComponentManager.getFromSelfOrCurrentSession(ClientAwareComponentManager.kt:37)
	at com.intellij.openapi.client.ClientAwareComponentManager.getService(ClientAwareComponentManager.kt:22)
	at com.intellij.openapi.actionSystem.ActionManager.getInstance(ActionManager.java:29)
	at com.intellij.help.impl.KeymapGenerator.<clinit>(KeymapGenerator.java:33)
	at java.base/jdk.internal.misc.Unsafe.allocateInstance(Native Method)
	at java.base/java.lang.invoke.DirectMethodHandle.allocateInstance(DirectMethodHandle.java:520)
	at com.intellij.serviceContainer.ComponentManagerImpl.instantiateClass(ComponentManagerImpl.kt:844)
	at com.intellij.openapi.extensions.impl.XmlExtensionAdapter.instantiateClass(XmlExtensionAdapter.kt:79)
	at com.intellij.openapi.extensions.impl.XmlExtensionAdapter$SimpleConstructorInjectionAdapter.instantiateClass(XmlExtensionAdapter.kt:90)
	at com.intellij.openapi.extensions.impl.XmlExtensionAdapter.doCreateInstance(XmlExtensionAdapter.kt:50)
	at com.intellij.openapi.extensions.impl.XmlExtensionAdapter.createInstance(XmlExtensionAdapter.kt:31)
	at com.intellij.openapi.extensions.impl.ExtensionPointImpl.processAdapter(ExtensionPointImpl.java:447)
	at com.intellij.openapi.extensions.impl.ExtensionPointImpl.access$200(ExtensionPointImpl.java:33)
	at com.intellij.openapi.extensions.impl.ExtensionPointImpl$1.next(ExtensionPointImpl.java:355)
	at com.intellij.idea.ApplicationLoader.findAppStarter(ApplicationLoader.kt:595)
	at com.intellij.idea.ApplicationLoader.access$findAppStarter(ApplicationLoader.kt:1)
	at com.intellij.idea.ApplicationLoader$initApplication$block$3.apply(ApplicationLoader.kt:170)
	at com.intellij.idea.ApplicationLoader$initApplication$block$3.apply(ApplicationLoader.kt)
	at java.base/java.util.concurrent.CompletableFuture$UniCompose.tryFire(CompletableFuture.java:1150)
	at java.base/java.util.concurrent.CompletableFuture.postComplete(CompletableFuture.java:510)
	at java.base/java.util.concurrent.CompletableFuture.postFire(CompletableFuture.java:614)
	at java.base/java.util.concurrent.CompletableFuture$UniCompose.tryFire(CompletableFuture.java:1163)
	at java.base/java.util.concurrent.CompletableFuture$Completion.run(CompletableFuture.java:482)
	at com.intellij.idea.ApplicationLoader$initApplication$block$2.execute(ApplicationLoader.kt:142)
	at java.base/java.util.concurrent.CompletableFuture$UniCompletion.claim(CompletableFuture.java:572)
	at java.base/java.util.concurrent.CompletableFuture$UniCompose.tryFire(CompletableFuture.java:1147)
	at java.base/java.util.concurrent.CompletableFuture.postComplete(CompletableFuture.java:510)
	at java.base/java.util.concurrent.CompletableFuture.postFire(CompletableFuture.java:614)
	at java.base/java.util.concurrent.CompletableFuture$UniCompose.tryFire(CompletableFuture.java:1163)
	at java.base/java.util.concurrent.CompletableFuture$Completion.exec(CompletableFuture.java:483)
	at java.base/java.util.concurrent.ForkJoinTask.doExec(ForkJoinTask.java:373)
	at java.base/java.util.concurrent.ForkJoinPool$WorkQueue.topLevelExec(ForkJoinPool.java:1182)
	at java.base/java.util.concurrent.ForkJoinPool.scan(ForkJoinPool.java:1655)
	at java.base/java.util.concurrent.ForkJoinPool.runWorker(ForkJoinPool.java:1622)
	at java.base/java.util.concurrent.ForkJoinWorkerThread.run(ForkJoinWorkerThread.java:165)
2023-02-06 13:30:30,341 [    887] SEVERE - #c.i.d.LoadingState - IntelliJ IDEA 2022.2.4  Build #IU-222.4459.24
2023-02-06 13:30:30,341 [    887] SEVERE - #c.i.d.LoadingState - JDK: 17.0.5; VM: OpenJDK 64-Bit Server VM; Vendor: JetBrains s.r.o.
2023-02-06 13:30:30,342 [    888] SEVERE - #c.i.d.LoadingState - OS: Linux
2023-02-06 13:30:30,352 [    898] SEVERE - #c.i.d.LoadingState - Should be called at least in the state COMPONENTS_LOADED, the current state is: CONFIGURATION_STORE_INITIALIZED
Current violators count: 3


java.lang.Throwable
	at com.intellij.diagnostic.LoadingState.logStateError(LoadingState.java:52)
	at com.intellij.diagnostic.LoadingState.checkOccurred(LoadingState.java:48)
	at com.intellij.openapi.util.registry.Registry.getInstance(Registry.java:176)
	at com.intellij.openapi.util.registry.Registry.get(Registry.java:50)
	at com.intellij.openapi.util.registry.Registry.is(Registry.java:63)
	at com.intellij.openapi.wm.impl.GlobalMenuLinux._loadLibrary(GlobalMenuLinux.java:797)
	at com.intellij.openapi.wm.impl.GlobalMenuLinux.<clinit>(GlobalMenuLinux.java:164)
	at com.intellij.openapi.wm.impl.GlobalMenuLinux$MyActionTuner.customize(GlobalMenuLinux.java:230)
	at com.intellij.openapi.actionSystem.impl.ActionManagerImpl.lambda$new$0(ActionManagerImpl.java:141)
	at com.intellij.openapi.extensions.impl.ExtensionProcessingHelper.forEachExtensionSafe(ExtensionProcessingHelper.java:34)
	at com.intellij.openapi.extensions.ExtensionPointName.forEachExtensionSafe(ExtensionPointName.java:46)
	at com.intellij.openapi.actionSystem.impl.ActionManagerImpl.<init>(ActionManagerImpl.java:141)
	at com.jetbrains.rdserver.ui.actionPopupMenu.BackendActionManager.<init>(BackendActionManager.kt:17)
	at java.base/jdk.internal.reflect.NativeConstructorAccessorImpl.newInstance0(Native Method)
	at java.base/jdk.internal.reflect.NativeConstructorAccessorImpl.newInstance(NativeConstructorAccessorImpl.java:77)
	at java.base/jdk.internal.reflect.DelegatingConstructorAccessorImpl.newInstance(DelegatingConstructorAccessorImpl.java:45)
	at java.base/java.lang.reflect.Constructor.newInstanceWithCaller(Constructor.java:499)
	at java.base/java.lang.reflect.Constructor.newInstance(Constructor.java:480)
	at com.intellij.serviceContainer.ConstructorInjectionKt.instantiateUsingPicoContainer(constructorInjection.kt:47)
	at com.intellij.serviceContainer.ComponentManagerImpl.instantiateClassWithConstructorInjection(ComponentManagerImpl.kt:890)
	at com.intellij.serviceContainer.ServiceComponentAdapter.createAndInitialize(ServiceComponentAdapter.kt:51)
	at com.intellij.serviceContainer.ServiceComponentAdapter.doCreateInstance(ServiceComponentAdapter.kt:41)
	at com.intellij.serviceContainer.BaseComponentAdapter.getInstanceUncached(BaseComponentAdapter.kt:119)
	at com.intellij.serviceContainer.BaseComponentAdapter.getInstance(BaseComponentAdapter.kt:73)
	at com.intellij.serviceContainer.BaseComponentAdapter.getInstance$default(BaseComponentAdapter.kt:66)
	at com.intellij.serviceContainer.ComponentManagerImpl.doGetService(ComponentManagerImpl.kt:609)
	at com.intellij.serviceContainer.ComponentManagerImpl.getService(ComponentManagerImpl.kt:583)
	at com.intellij.openapi.client.ClientAwareComponentManager.getFromSelfOrCurrentSession(ClientAwareComponentManager.kt:37)
	at com.intellij.openapi.client.ClientAwareComponentManager.getService(ClientAwareComponentManager.kt:22)
	at com.intellij.openapi.actionSystem.ActionManager.getInstance(ActionManager.java:29)
	at com.intellij.help.impl.KeymapGenerator.<clinit>(KeymapGenerator.java:33)
	at java.base/jdk.internal.misc.Unsafe.allocateInstance(Native Method)
	at java.base/java.lang.invoke.DirectMethodHandle.allocateInstance(DirectMethodHandle.java:520)
	at com.intellij.serviceContainer.ComponentManagerImpl.instantiateClass(ComponentManagerImpl.kt:844)
	at com.intellij.openapi.extensions.impl.XmlExtensionAdapter.instantiateClass(XmlExtensionAdapter.kt:79)
	at com.intellij.openapi.extensions.impl.XmlExtensionAdapter$SimpleConstructorInjectionAdapter.instantiateClass(XmlExtensionAdapter.kt:90)
	at com.intellij.openapi.extensions.impl.XmlExtensionAdapter.doCreateInstance(XmlExtensionAdapter.kt:50)
	at com.intellij.openapi.extensions.impl.XmlExtensionAdapter.createInstance(XmlExtensionAdapter.kt:31)
	at com.intellij.openapi.extensions.impl.ExtensionPointImpl.processAdapter(ExtensionPointImpl.java:447)
	at com.intellij.openapi.extensions.impl.ExtensionPointImpl.access$200(ExtensionPointImpl.java:33)
	at com.intellij.openapi.extensions.impl.ExtensionPointImpl$1.next(ExtensionPointImpl.java:355)
	at com.intellij.idea.ApplicationLoader.findAppStarter(ApplicationLoader.kt:595)
	at com.intellij.idea.ApplicationLoader.access$findAppStarter(ApplicationLoader.kt:1)
	at com.intellij.idea.ApplicationLoader$initApplication$block$3.apply(ApplicationLoader.kt:170)
	at com.intellij.idea.ApplicationLoader$initApplication$block$3.apply(ApplicationLoader.kt)
	at java.base/java.util.concurrent.CompletableFuture$UniCompose.tryFire(CompletableFuture.java:1150)
	at java.base/java.util.concurrent.CompletableFuture.postComplete(CompletableFuture.java:510)
	at java.base/java.util.concurrent.CompletableFuture.postFire(CompletableFuture.java:614)
	at java.base/java.util.concurrent.CompletableFuture$UniCompose.tryFire(CompletableFuture.java:1163)
	at java.base/java.util.concurrent.CompletableFuture$Completion.run(CompletableFuture.java:482)
	at com.intellij.idea.ApplicationLoader$initApplication$block$2.execute(ApplicationLoader.kt:142)
	at java.base/java.util.concurrent.CompletableFuture$UniCompletion.claim(CompletableFuture.java:572)
	at java.base/java.util.concurrent.CompletableFuture$UniCompose.tryFire(CompletableFuture.java:1147)
	at java.base/java.util.concurrent.CompletableFuture.postComplete(CompletableFuture.java:510)
	at java.base/java.util.concurrent.CompletableFuture.postFire(CompletableFuture.java:614)
	at java.base/java.util.concurrent.CompletableFuture$UniCompose.tryFire(CompletableFuture.java:1163)
	at java.base/java.util.concurrent.CompletableFuture$Completion.exec(CompletableFuture.java:483)
	at java.base/java.util.concurrent.ForkJoinTask.doExec(ForkJoinTask.java:373)
	at java.base/java.util.concurrent.ForkJoinPool$WorkQueue.topLevelExec(ForkJoinPool.java:1182)
	at java.base/java.util.concurrent.ForkJoinPool.scan(ForkJoinPool.java:1655)
	at java.base/java.util.concurrent.ForkJoinPool.runWorker(ForkJoinPool.java:1622)
	at java.base/java.util.concurrent.ForkJoinWorkerThread.run(ForkJoinWorkerThread.java:165)
2023-02-06 13:30:30,353 [    899] SEVERE - #c.i.d.LoadingState - IntelliJ IDEA 2022.2.4  Build #IU-222.4459.24
2023-02-06 13:30:30,354 [    900] SEVERE - #c.i.d.LoadingState - JDK: 17.0.5; VM: OpenJDK 64-Bit Server VM; Vendor: JetBrains s.r.o.
2023-02-06 13:30:30,354 [    900] SEVERE - #c.i.d.LoadingState - OS: Linux
